<?xml version="1.0" encoding="UTF-8"?>
<testsuites tests="4"
            failures="0"
            time="14.193"
            errors="0"
            name="epub3validate">
   <testsuite timestamp="2014-11-03T11:07:28.709Z"
              hostname="localhost"
              tests="4"
              errors="0"
              failures="0"
              skipped="0"
              id="d6540e1"
              name="pxnordicepub3validate"
              package="http://www.daisy.org/ns/pipeline/xproc"
              time="7.267">
      <properties>

         <property name="option: epub"
                   value="file:/home/jostein/nordic-epub3-dtbook-migrator/src/test/xprocspec/test-epub.epub"/>
         <property name="option: temp-dir" value="file:/tmp/xprocspec-20141103120716441/"/>

      </properties>
      <testcase name="theStepShouldExecuteSuccessfullyWithoutThrowingAnyErrors"
                classname="nordic-epub3-validate"
                assertions="1"
                time="0"
                status="SUCCESS">
         <system-out>the step should execute successfully without throwing any errors: SUCCESS</system-out>
         <system-err/>
      </testcase>
      <testcase name="testepubEpubShouldBeValid"
                classname="nordic-epub3-validate"
                assertions="1"
                time="0"
                status="SUCCESS">
         <system-out>test-epub.epub should be valid: SUCCESS</system-out>
         <system-err/>
      </testcase>
      <testcase name="thereShouldBeExactlyOneTableContainingStatisticsOfElementsClassesAndEpubtypes"
                classname="nordic-epub3-validate"
                assertions="1"
                time="0"
                status="SUCCESS">
         <system-out>there should be exactly one table containing statistics of elements, classes and epub:types: SUCCESS</system-out>
         <system-err/>
      </testcase>
      <testcase name="ThePublicationStatisticsShouldContainStuff"
                classname="nordic-epub3-validate"
                assertions="1"
                time="0"
                status="SUCCESS">
         <system-out>The publication statistics should contain stuff: SUCCESS</system-out>
         <system-err/>
      </testcase>
   </testsuite>
        </testsuites>
