<?xml version="1.0" encoding="UTF-8"?>
<testsuites tests="6"
            failures="0"
            time="8.249"
            errors="0"
            name="epub3tohtmlConvert">
   <testsuite timestamp="2014-11-03T11:07:06.231Z"
              hostname="localhost"
              tests="6"
              errors="0"
              failures="0"
              skipped="0"
              id="d2972e1"
              name="pxnordicepub3tohtmlconvert"
              package="http://www.daisy.org/ns/pipeline/xproc"
              time="2.287">
      <properties>
         <property name="input: fileset.in"
                   value="&lt;fileset xmlns=&#34;http://www.daisy.org/ns/pipeline/data&#34; ...&gt;...&lt;/fileset&gt; (Base URI: test-epub/)"/>
         <property name="input: in-memory.in" value=""/>


      </properties>
      <testcase name="theStepShouldExecuteSuccessfullyWithoutThrowingAnyErrors"
                classname="nordic-epub3-to-html-convert"
                assertions="1"
                time="0"
                status="SUCCESS">
         <system-out>the step should execute successfully without throwing any errors: SUCCESS</system-out>
         <system-err/>
      </testcase>
      <testcase name="TheFilesetShouldConsistOfTwoFiles"
                classname="nordic-epub3-to-html-convert"
                assertions="1"
                time="0"
                status="SUCCESS">
         <system-out>The fileset should consist of two files: SUCCESS</system-out>
         <system-err/>
      </testcase>
      <testcase name="TheFilesetShouldContainOneImageFileWithTheHrefValentinJpg"
                classname="nordic-epub3-to-html-convert"
                assertions="1"
                time="0"
                status="SUCCESS">
         <system-out>The fileset should contain one image file with the href 'valentin.jpg': SUCCESS</system-out>
         <system-err/>
      </testcase>
      <testcase name="TheFilesetShouldContainOneHTMLFileWithTheHrefC00000Xhtml"
                classname="nordic-epub3-to-html-convert"
                assertions="1"
                time="0"
                status="SUCCESS">
         <system-out>The fileset should contain one HTML file with the href 'C00000.xhtml': SUCCESS</system-out>
         <system-err/>
      </testcase>
      <testcase name="TheHeadOfTheResultingHTMLfileShouldBeAsExpected"
                classname="nordic-epub3-to-html-convert"
                assertions="1"
                time="0"
                status="SUCCESS">
         <system-out>The head of the resulting HTML-file should be as expected: SUCCESS</system-out>
         <system-err/>
      </testcase>
      <testcase name="TheBodyOfTheResultingHTMLfileShouldBeAsExpected"
                classname="nordic-epub3-to-html-convert"
                assertions="1"
                time="0"
                status="SUCCESS">
         <system-out>The body of the resulting HTML-file should be as expected: SUCCESS</system-out>
         <system-err/>
      </testcase>
   </testsuite>
        </testsuites>
