<?xml version="1.0" encoding="UTF-8"?>
<testsuites tests="16"
            failures="0"
            time="34.861"
            errors="0"
            name="epub3todtbook">
   <testsuite timestamp="2014-11-03T11:06:49.577Z"
              hostname="localhost"
              tests="16"
              errors="0"
              failures="0"
              skipped="0"
              id="d19915e1"
              name="pxnordicepub3todtbook"
              package="http://www.daisy.org/ns/pipeline/xproc"
              time="17.557">
      <properties>

         <property name="option: epub"
                   value="file:/home/jostein/nordic-epub3-dtbook-migrator/src/test/xprocspec/test-epub.epub"/>
         <property name="option: output-dir"
                   value="file:/tmp/xprocspec-20141103120618013/output-dir/"/>
         <property name="option: temp-dir"
                   value="file:/tmp/xprocspec-20141103120618013/temp-dir/"/>
         <property name="option: discard-intermediary-html" value="false"/>

      </properties>
      <testcase name="theStepShouldExecuteSuccessfullyWithoutThrowingAnyErrors"
                classname="nordic-epub3-to-dtbook"
                assertions="1"
                time="0"
                status="SUCCESS">
         <system-out>the step should execute successfully without throwing any errors: SUCCESS</system-out>
         <system-err/>
      </testcase>
      <testcase name="ThereShouldBeExactlyOneDocumentOnTheValidationstatusPort"
                classname="nordic-epub3-to-dtbook"
                assertions="1"
                time="0"
                status="SUCCESS">
         <system-out>There should be exactly one document on the validation-status port: SUCCESS</system-out>
         <system-err/>
      </testcase>
      <testcase name="ThereShouldBeNoValidationErrors"
                classname="nordic-epub3-to-dtbook"
                assertions="1"
                time="0"
                status="SUCCESS">
         <system-out>There should be no validation errors: SUCCESS</system-out>
         <system-err/>
      </testcase>
      <testcase name="ThereShouldBeExactlyOneDocumentOnTheHtmlreportPort"
                classname="nordic-epub3-to-dtbook"
                assertions="1"
                time="0"
                status="SUCCESS">
         <system-out>There should be exactly one document on the html-report port: SUCCESS</system-out>
         <system-err/>
      </testcase>
      <testcase name="ThereShouldBeNoValidationErrorsInTheHTMLReport"
                classname="nordic-epub3-to-dtbook"
                assertions="1"
                time="0"
                status="SUCCESS">
         <system-out>There should be no validation errors in the HTML report: SUCCESS</system-out>
         <system-err/>
      </testcase>
      <testcase name="TheOutputDirectoryShouldExist"
                classname="nordic-epub3-to-dtbook"
                assertions="1"
                time="0"
                status="SUCCESS">
         <system-out>The output directory should exist: SUCCESS</system-out>
         <system-err/>
      </testcase>
      <testcase name="TheResultsShouldBeStoredInADirectoryNamedC00000"
                classname="nordic-epub3-to-dtbook"
                assertions="1"
                time="0"
                status="SUCCESS">
         <system-out>The results should be stored in a directory named 'C00000': SUCCESS</system-out>
         <system-err/>
      </testcase>
      <testcase name="TheResultingDTBookShouldBeNamedC00000Xml"
                classname="nordic-epub3-to-dtbook"
                assertions="1"
                time="0"
                status="SUCCESS">
         <system-out>The resulting DTBook should be named C00000.xml: SUCCESS</system-out>
         <system-err/>
      </testcase>
      <testcase name="TheResultingImageShouldBeStoredInTheSameDirectoryAsTheDTBook"
                classname="nordic-epub3-to-dtbook"
                assertions="1"
                time="0"
                status="SUCCESS">
         <system-out>The resulting image should be stored in the same directory as the DTBook: SUCCESS</system-out>
         <system-err/>
      </testcase>
      <testcase name="TheIntermediaryHTMLShouldBeNamedC00000XhtmlInTheSameDirectoryAsTheDTBook"
                classname="nordic-epub3-to-dtbook"
                assertions="1"
                time="0"
                status="SUCCESS">
         <system-out>The intermediary HTML should be named C00000.xhtml (in the same directory as the DTBook): SUCCESS</system-out>
         <system-err/>
      </testcase>
      <testcase name="ThereShouldBeExactlyOneDirectoryInTheResultingFileset"
                classname="nordic-epub3-to-dtbook"
                assertions="1"
                time="0"
                status="SUCCESS">
         <system-out>There should be exactly one directory in the resulting fileset: SUCCESS</system-out>
         <system-err/>
      </testcase>
      <testcase name="ThereShouldBeExactlyThreeFilesInTheResultingFileset"
                classname="nordic-epub3-to-dtbook"
                assertions="1"
                time="0"
                status="SUCCESS">
         <system-out>There should be exactly three files in the resulting fileset: SUCCESS</system-out>
         <system-err/>
      </testcase>
      <testcase name="TheXMLDeclarationMustBePresentAndEqual&lt;xmlVersion=10Encoding=UTF8&gt;"
                classname="nordic-epub3-to-dtbook"
                assertions="1"
                time="0"
                status="SUCCESS">
         <system-out>The XML declaration must be present and equal '&lt;?xml version="1.0" encoding="UTF-8"?&gt;': SUCCESS</system-out>
         <system-err/>
      </testcase>
      <testcase name="ThereShouldBeExactlyTwoNamespacesDeclaredOnTheRootElementTheDefaultNamespaceAndTheImplicitXmlNamespace"
                classname="nordic-epub3-to-dtbook"
                assertions="1"
                time="0"
                status="SUCCESS">
         <system-out>There should be exactly two namespaces declared on the root element (the default namespace and the implicit xml namespace): SUCCESS</system-out>
         <system-err/>
      </testcase>
      <testcase name="TheDTBookNamespaceShouldBeTheDefaultNamespaceOnTheRootElement"
                classname="nordic-epub3-to-dtbook"
                assertions="1"
                time="0"
                status="SUCCESS">
         <system-out>The DTBook namespace should be the default namespace on the root element: SUCCESS</system-out>
         <system-err/>
      </testcase>
      <testcase name="NoNamespacesShouldBeDeclaredOtherThanOnTheRootElement"
                classname="nordic-epub3-to-dtbook"
                assertions="1"
                time="0"
                status="SUCCESS">
         <system-out>No namespaces should be declared other than on the root element: SUCCESS</system-out>
         <system-err/>
      </testcase>
   </testsuite>
        </testsuites>
