<?xml version="1.0" encoding="UTF-8"?>
<testsuites tests="5"
            failures="0"
            time="20.833"
            errors="0"
            name="epub3Validate">
   <testsuite timestamp="2014-11-03T11:07:58.14Z"
              hostname="localhost"
              tests="5"
              errors="0"
              failures="0"
              skipped="0"
              id="d9011e1"
              name="pxnordicepub3validateStep"
              package="http://www.daisy.org/ns/pipeline/xproc"
              time="10.525">
      <properties>
         <property name="input: fileset.in"
                   value="&lt;fileset xmlns=&#34;http://www.daisy.org/ns/pipeline/data&#34; ...&gt;...&lt;/fileset&gt; (Base URI: test-epub/)"/>
         <property name="input: in-memory.in"
                   value="&lt;package xmlns=&#34;http://www.idpf.org/2007/opf&#34; ...&gt;...&lt;/package&gt; (Base URI: file:/home/jostein/nordic-epub3-dtbook-migrator/src/test/xprocspec/epub3.validate.xprocspec)&#xA;&lt;html xmlns=&#34;http://www.w3.org/1999/xhtml&#34; ...&gt;...&lt;/html&gt; (Base URI: file:/home/jostein/nordic-epub3-dtbook-migrator/src/test/xprocspec/epub3.validate.xprocspec)&#xA;&lt;html xmlns=&#34;http://www.w3.org/1999/xhtml&#34; ...&gt;...&lt;/html&gt; (Base URI: file:/home/jostein/nordic-epub3-dtbook-migrator/src/test/xprocspec/epub3.validate.xprocspec)&#xA;&lt;html xmlns=&#34;http://www.w3.org/1999/xhtml&#34; ...&gt;...&lt;/html&gt; (Base URI: file:/home/jostein/nordic-epub3-dtbook-migrator/src/test/xprocspec/epub3.validate.xprocspec)&#xA;... 6 more documents (a total of 11) ..."/>
         <property name="input: report.in" value=""/>

         <property name="option: temp-dir" value="file:/tmp/xprocspec-20141103120739439/"/>

      </properties>
      <testcase name="theStepShouldExecuteSuccessfullyWithoutThrowingAnyErrors"
                classname="nordic-epub3-validate.step"
                assertions="1"
                time="0"
                status="SUCCESS">
         <system-out>the step should execute successfully without throwing any errors: SUCCESS</system-out>
         <system-err/>
      </testcase>
      <testcase name="theFilesetOutPortShouldContainTheSameDocumentAsWasReceivedOnTheFilesetInPort"
                classname="nordic-epub3-validate.step"
                assertions="1"
                time="0"
                status="SUCCESS">
         <system-out>the fileset.out port should contain the same document as was received on the fileset.in port: SUCCESS</system-out>
         <system-err/>
      </testcase>
      <testcase name="theInmemoryOutPortShouldContainTheSameDocumentsAsWasReceivedOnTheInmemoryInPort"
                classname="nordic-epub3-validate.step"
                assertions="1"
                time="0"
                status="SUCCESS">
         <system-out>the in-memory.out port should contain the same documents as was received on the in-memory.in port: SUCCESS</system-out>
         <system-err/>
      </testcase>
      <testcase name="thereShouldBeNoErrorsUnderDreports"
                classname="nordic-epub3-validate.step"
                assertions="1"
                time="0"
                status="SUCCESS">
         <system-out>there should be no errors under d:reports: SUCCESS</system-out>
         <system-err/>
      </testcase>
      <testcase name="theErrorCountShouldBe0"
                classname="nordic-epub3-validate.step"
                assertions="1"
                time="0"
                status="SUCCESS">
         <system-out>the error count should be 0: SUCCESS</system-out>
         <system-err/>
      </testcase>
   </testsuite>
        </testsuites>
