<?xml version="1.0" encoding="UTF-8"?>
<testsuites tests="6"
            failures="0"
            time="16.593"
            errors="0"
            name="htmltodtbookConvert">
   <testsuite timestamp="2014-11-03T11:08:29.96Z"
              hostname="localhost"
              tests="6"
              errors="0"
              failures="0"
              skipped="0"
              id="d8795e1"
              name="pxnordichtmltodtbookconvert"
              package="http://www.daisy.org/ns/pipeline/xproc"
              time="1.696">
      <properties>
         <property name="input: fileset.in"
                   value="&lt;fileset xmlns=&#34;http://www.daisy.org/ns/pipeline/data&#34; ...&gt;...&lt;/fileset&gt; (Base URI: single-html/)"/>
         <property name="input: in-memory.in"
                   value="&lt;html xmlns=&#34;http://www.w3.org/1999/xhtml&#34; ...&gt;...&lt;/html&gt; (Base URI: file:/home/jostein/nordic-epub3-dtbook-migrator/src/test/xprocspec/html-to-dtbook.convert.xprocspec)"/>


      </properties>
      <testcase name="theStepShouldExecuteSuccessfullyWithoutThrowingAnyErrors"
                classname="nordic-html-to-dtbook-convert"
                assertions="1"
                time="0"
                status="SUCCESS">
         <system-out>the step should execute successfully without throwing any errors: SUCCESS</system-out>
         <system-err/>
      </testcase>
      <testcase name="TheFilesetShouldConsistOfTwoFiles"
                classname="nordic-html-to-dtbook-convert"
                assertions="1"
                time="0"
                status="SUCCESS">
         <system-out>The fileset should consist of two files: SUCCESS</system-out>
         <system-err/>
      </testcase>
      <testcase name="TheFilesetShouldContainOneImageFileWithTheHrefValentinJpg"
                classname="nordic-html-to-dtbook-convert"
                assertions="1"
                time="0"
                status="SUCCESS">
         <system-out>The fileset should contain one image file with the href 'valentin.jpg': SUCCESS</system-out>
         <system-err/>
      </testcase>
      <testcase name="TheFilesetShouldContainOneDTBookFileWithTheHrefC00000Xml"
                classname="nordic-html-to-dtbook-convert"
                assertions="1"
                time="0"
                status="SUCCESS">
         <system-out>The fileset should contain one DTBook file with the href 'C00000.xml': SUCCESS</system-out>
         <system-err/>
      </testcase>
      <testcase name="TheHeadOfTheResultingDTBookfileShouldBeAsExpected"
                classname="nordic-html-to-dtbook-convert"
                assertions="1"
                time="0"
                status="SUCCESS">
         <system-out>The head of the resulting DTBook-file should be as expected: SUCCESS</system-out>
         <system-err/>
      </testcase>
      <testcase name="TheBodyOfTheResultingDTBookfileShouldBeAsExpected"
                classname="nordic-html-to-dtbook-convert"
                assertions="1"
                time="0"
                status="SUCCESS">
         <system-out>The body of the resulting DTBook-file should be as expected: SUCCESS</system-out>
         <system-err/>
      </testcase>
   </testsuite>
        </testsuites>
