<?xml version="1.0" encoding="UTF-8"?>
<testsuites tests="15"
            failures="0"
            time="7.675"
            errors="0"
            name="htmlsplitSplit">
   <testsuite timestamp="2014-11-03T11:08:09.629Z"
              hostname="localhost"
              tests="15"
              errors="0"
              failures="0"
              skipped="0"
              id="d3286e1"
              name="pxnordichtmlsplitperform"
              package="http://www.daisy.org/ns/pipeline/xproc"
              time="2.064">
      <properties>
         <property name="input: fileset.in"
                   value="&lt;fileset xmlns=&#34;http://www.daisy.org/ns/pipeline/data&#34; ...&gt;...&lt;/fileset&gt; (Base URI: single-html/)"/>
         <property name="input: in-memory.in"
                   value="&lt;html xmlns=&#34;http://www.w3.org/1999/xhtml&#34; ...&gt;...&lt;/html&gt; (Base URI: file:/home/jostein/nordic-epub3-dtbook-migrator/src/test/xprocspec/html-split.split.xprocspec)"/>


      </properties>
      <testcase name="theStepShouldExecuteSuccessfullyWithoutThrowingAnyErrors"
                classname="nordic-html-split-perform"
                assertions="1"
                time="0"
                status="SUCCESS">
         <system-out>the step should execute successfully without throwing any errors: SUCCESS</system-out>
         <system-err/>
      </testcase>
      <testcase name="ThereShouldBeExactlyOneFileset"
                classname="nordic-html-split-perform"
                assertions="1"
                time="0"
                status="SUCCESS">
         <system-out>There should be exactly one fileset: SUCCESS</system-out>
         <system-err/>
      </testcase>
      <testcase name="ThereShouldBe8XHTMLFilesInTheFileset"
                classname="nordic-html-split-perform"
                assertions="1"
                time="0"
                status="SUCCESS">
         <system-out>There should be 8 XHTML files in the fileset: SUCCESS</system-out>
         <system-err/>
      </testcase>
      <testcase name="allFilesShouldHaveTheirAppropriateAttributesSet"
                classname="nordic-html-split-perform"
                assertions="1"
                time="0"
                status="SUCCESS">
         <system-out>all files should have their appropriate attributes set: SUCCESS</system-out>
         <system-err/>
      </testcase>
      <testcase name="ThereShouldOnlyBeOneFileOnDisk"
                classname="nordic-html-split-perform"
                assertions="1"
                time="0"
                status="SUCCESS">
         <system-out>There should only be one file on disk: SUCCESS</system-out>
         <system-err/>
      </testcase>
      <testcase name="TheOnlyFileOnDiskShouldBeValentinJpg"
                classname="nordic-html-split-perform"
                assertions="1"
                time="0"
                status="SUCCESS">
         <system-out>The only file on disk should be valentin.jpg: SUCCESS</system-out>
         <system-err/>
      </testcase>
      <testcase name="ThereShouldBeExactly8InmemoryDocuments"
                classname="nordic-html-split-perform"
                assertions="1"
                time="0"
                status="SUCCESS">
         <system-out>There should be exactly 8 in-memory documents: SUCCESS</system-out>
         <system-err/>
      </testcase>
      <testcase name="ThereShouldBeAInmemoryDocumentWithBaseSinglehtmlC000001coverXhtml"
                classname="nordic-html-split-perform"
                assertions="1"
                time="0"
                status="SUCCESS">
         <system-out>There should be a in-memory document with base single-html/C00000-1-cover.xhtml: SUCCESS</system-out>
         <system-err/>
      </testcase>
      <testcase name="ThereShouldBeAInmemoryDocumentWithBaseSinglehtmlC000002frontmatterXhtml"
                classname="nordic-html-split-perform"
                assertions="1"
                time="0"
                status="SUCCESS">
         <system-out>There should be a in-memory document with base single-html/C00000-2-frontmatter.xhtml: SUCCESS</system-out>
         <system-err/>
      </testcase>
      <testcase name="ThereShouldBeAInmemoryDocumentWithBaseSinglehtmlC000003chapterXhtml"
                classname="nordic-html-split-perform"
                assertions="1"
                time="0"
                status="SUCCESS">
         <system-out>There should be a in-memory document with base single-html/C00000-3-chapter.xhtml: SUCCESS</system-out>
         <system-err/>
      </testcase>
      <testcase name="ThereShouldBeAInmemoryDocumentWithBaseSinglehtmlC000004chapterXhtml"
                classname="nordic-html-split-perform"
                assertions="1"
                time="0"
                status="SUCCESS">
         <system-out>There should be a in-memory document with base single-html/C00000-4-chapter.xhtml: SUCCESS</system-out>
         <system-err/>
      </testcase>
      <testcase name="ThereShouldBeAInmemoryDocumentWithBaseSinglehtmlC000005chapterXhtml"
                classname="nordic-html-split-perform"
                assertions="1"
                time="0"
                status="SUCCESS">
         <system-out>There should be a in-memory document with base single-html/C00000-5-chapter.xhtml: SUCCESS</system-out>
         <system-err/>
      </testcase>
      <testcase name="ThereShouldBeAInmemoryDocumentWithBaseSinglehtmlC000006chapterXhtml"
                classname="nordic-html-split-perform"
                assertions="1"
                time="0"
                status="SUCCESS">
         <system-out>There should be a in-memory document with base single-html/C00000-6-chapter.xhtml: SUCCESS</system-out>
         <system-err/>
      </testcase>
      <testcase name="ThereShouldBeAInmemoryDocumentWithBaseSinglehtmlC000007conclusionXhtml"
                classname="nordic-html-split-perform"
                assertions="1"
                time="0"
                status="SUCCESS">
         <system-out>There should be a in-memory document with base single-html/C00000-7-conclusion.xhtml: SUCCESS</system-out>
         <system-err/>
      </testcase>
      <testcase name="ThereShouldBeAInmemoryDocumentWithBaseSinglehtmlC000008backmatterXhtml"
                classname="nordic-html-split-perform"
                assertions="1"
                time="0"
                status="SUCCESS">
         <system-out>There should be a in-memory document with base single-html/C00000-8-backmatter.xhtml: SUCCESS</system-out>
         <system-err/>
      </testcase>
   </testsuite>
        </testsuites>
